2023-04-03 08:50:28,345 - system.py:(362) [DEBUG]: Reading file: /etc/os-release
2023-04-03 08:50:28,345 - system.py:(362) [DEBUG]: Reading file: /proc/version_signature
2023-04-03 08:50:28,375 - system.py:(362) [DEBUG]: Reading file: /var/lib/ubuntu-advantage/private/machine-token.json
2023-04-03 08:50:28,379 - system.py:(362) [DEBUG]: Reading file: /var/lib/ubuntu-advantage/private/machine-token.json
2023-04-03 08:50:28,379 - files.py:(56) [DEBUG]: File does not exist: /var/lib/ubuntu-advantage/private/machine-token.json
2023-04-03 08:50:28,382 - files.py:(56) [DEBUG]: File does not exist: /var/lib/ubuntu-advantage/private/machine-token.json
2023-04-03 08:50:28,819 - system.py:(362) [DEBUG]: Reading file: /run/ubuntu-advantage//aptnews.json
2023-04-03 08:50:28,821 - apt_news.py:(151) [DEBUG]: msg dates don't apply: AptNewsMessage{'begin': datetime.datetime(2023, 2, 7, 0, 0, tzinfo=datetime.timezone.utc), 'end': None, 'selectors': None, 'lines': ['"Phased updates" allow careful rollout of deb package changes at scale.', 'You may see these as packages that have been "kept back". Learn more at', 'https://ubuntu.com/server/docs/about-apt-upgrade-and-phased-updates']}
2023-04-03 08:50:28,822 - apt_news.py:(178) [DEBUG]: using msg: None
2023-04-03 08:51:32,341 - system.py:(362) [DEBUG]: Reading file: /etc/os-release
2023-04-03 08:51:32,342 - system.py:(362) [DEBUG]: Reading file: /proc/version_signature
2023-04-03 08:51:32,352 - system.py:(362) [DEBUG]: Reading file: /var/lib/ubuntu-advantage/private/machine-token.json
2023-04-03 08:51:32,352 - files.py:(56) [DEBUG]: File does not exist: /var/lib/ubuntu-advantage/private/machine-token.json
2023-04-03 08:51:32,369 - system.py:(362) [DEBUG]: Reading file: /var/lib/ubuntu-advantage/private/machine-token.json
2023-04-03 08:51:32,369 - files.py:(56) [DEBUG]: File does not exist: /var/lib/ubuntu-advantage/private/machine-token.json
2023-04-03 08:51:32,839 - system.py:(362) [DEBUG]: Reading file: /run/ubuntu-advantage//aptnews.json
2023-04-03 08:51:32,844 - apt_news.py:(151) [DEBUG]: msg dates don't apply: AptNewsMessage{'begin': datetime.datetime(2023, 2, 7, 0, 0, tzinfo=datetime.timezone.utc), 'end': None, 'selectors': None, 'lines': ['"Phased updates" allow careful rollout of deb package changes at scale.', 'You may see these as packages that have been "kept back". Learn more at', 'https://ubuntu.com/server/docs/about-apt-upgrade-and-phased-updates']}
2023-04-03 08:51:32,844 - apt_news.py:(178) [DEBUG]: using msg: None
2023-04-03 11:56:44,080 - system.py:(362) [DEBUG]: Reading file: /etc/os-release
2023-04-03 11:56:44,084 - system.py:(362) [DEBUG]: Reading file: /proc/version_signature
2023-04-03 11:56:44,115 - system.py:(362) [DEBUG]: Reading file: /var/lib/ubuntu-advantage/private/machine-token.json
2023-04-03 11:56:44,115 - files.py:(56) [DEBUG]: File does not exist: /var/lib/ubuntu-advantage/private/machine-token.json
2023-04-17 09:52:27,163 - system.py:(362) [DEBUG]: Reading file: /etc/os-release
2023-04-17 09:52:27,163 - system.py:(362) [DEBUG]: Reading file: /proc/version_signature
2023-04-17 09:52:27,169 - system.py:(362) [DEBUG]: Reading file: /var/lib/ubuntu-advantage/private/machine-token.json
2023-04-17 09:52:27,169 - files.py:(56) [DEBUG]: File does not exist: /var/lib/ubuntu-advantage/private/machine-token.json
2023-04-17 09:52:27,199 - system.py:(362) [DEBUG]: Reading file: /var/lib/ubuntu-advantage/private/machine-token.json
2023-04-17 09:52:27,199 - files.py:(56) [DEBUG]: File does not exist: /var/lib/ubuntu-advantage/private/machine-token.json
2023-04-17 09:52:28,585 - system.py:(362) [DEBUG]: Reading file: /run/ubuntu-advantage//aptnews.json
2023-04-17 09:52:28,588 - apt_news.py:(151) [DEBUG]: msg dates don't apply: AptNewsMessage{'begin': datetime.datetime(2023, 2, 7, 0, 0, tzinfo=datetime.timezone.utc), 'end': None, 'selectors': None, 'lines': ['"Phased updates" allow careful rollout of deb package changes at scale.', 'You may see these as packages that have been "kept back". Learn more at', 'https://ubuntu.com/server/docs/about-apt-upgrade-and-phased-updates']}
2023-04-17 09:52:28,588 - apt_news.py:(178) [DEBUG]: using msg: None
2023-04-17 09:53:27,587 - system.py:(362) [DEBUG]: Reading file: /etc/os-release
2023-04-17 09:53:27,587 - system.py:(362) [DEBUG]: Reading file: /proc/version_signature
2023-04-17 09:53:27,612 - system.py:(362) [DEBUG]: Reading file: /var/lib/ubuntu-advantage/private/machine-token.json
2023-04-17 09:53:27,612 - files.py:(56) [DEBUG]: File does not exist: /var/lib/ubuntu-advantage/private/machine-token.json
2023-04-17 13:27:25,458 - system.py:(362) [DEBUG]: Reading file: /etc/os-release
2023-04-17 13:27:25,458 - system.py:(362) [DEBUG]: Reading file: /proc/version_signature
2023-04-17 13:27:25,475 - system.py:(362) [DEBUG]: Reading file: /var/lib/ubuntu-advantage/private/machine-token.json
2023-04-17 13:27:25,475 - files.py:(56) [DEBUG]: File does not exist: /var/lib/ubuntu-advantage/private/machine-token.json
